{"/Users/johnnycassidy/turing/moduleFour/projects/crossPoll/apiCalls/apiCalls.js": {"path":"/Users/johnnycassidy/turing/moduleFour/projects/crossPoll/apiCalls/apiCalls.js","statementMap":{"0":{"start":{"line":1,"column":38},"end":{"line":9,"column":1}},"1":{"start":{"line":2,"column":14},"end":{"line":2,"column":103}},"2":{"start":{"line":3,"column":2},"end":{"line":8,"column":30}},"3":{"start":{"line":5,"column":6},"end":{"line":7,"column":7}},"4":{"start":{"line":6,"column":8},"end":{"line":6,"column":58}},"5":{"start":{"line":8,"column":6},"end":{"line":8,"column":28}},"6":{"start":{"line":11,"column":31},"end":{"line":31,"column":1}},"7":{"start":{"line":12,"column":14},"end":{"line":12,"column":103}},"8":{"start":{"line":13,"column":18},"end":{"line":23,"column":3}},"9":{"start":{"line":24,"column":2},"end":{"line":30,"column":10}},"10":{"start":{"line":26,"column":10},"end":{"line":28,"column":11}},"11":{"start":{"line":27,"column":12},"end":{"line":27,"column":52}},"12":{"start":{"line":29,"column":10},"end":{"line":29,"column":27}},"13":{"start":{"line":33,"column":38},"end":{"line":41,"column":1}},"14":{"start":{"line":34,"column":14},"end":{"line":34,"column":117}},"15":{"start":{"line":35,"column":2},"end":{"line":40,"column":30}},"16":{"start":{"line":37,"column":6},"end":{"line":39,"column":7}},"17":{"start":{"line":38,"column":8},"end":{"line":38,"column":58}},"18":{"start":{"line":40,"column":6},"end":{"line":40,"column":28}},"19":{"start":{"line":43,"column":30},"end":{"line":57,"column":1}},"20":{"start":{"line":44,"column":14},"end":{"line":44,"column":117}},"21":{"start":{"line":45,"column":18},"end":{"line":50,"column":3}},"22":{"start":{"line":51,"column":2},"end":{"line":56,"column":30}},"23":{"start":{"line":53,"column":6},"end":{"line":55,"column":7}},"24":{"start":{"line":54,"column":8},"end":{"line":54,"column":39}},"25":{"start":{"line":56,"column":6},"end":{"line":56,"column":28}}},"fnMap":{"0":{"name":"(anonymous_0)","decl":{"start":{"line":1,"column":38},"end":{"line":1,"column":39}},"loc":{"start":{"line":1,"column":56},"end":{"line":9,"column":1}},"line":1},"1":{"name":"(anonymous_1)","decl":{"start":{"line":4,"column":10},"end":{"line":4,"column":11}},"loc":{"start":{"line":4,"column":22},"end":{"line":8,"column":29}},"line":4},"2":{"name":"(anonymous_2)","decl":{"start":{"line":11,"column":31},"end":{"line":11,"column":32}},"loc":{"start":{"line":11,"column":73},"end":{"line":31,"column":1}},"line":11},"3":{"name":"(anonymous_3)","decl":{"start":{"line":25,"column":14},"end":{"line":25,"column":15}},"loc":{"start":{"line":25,"column":21},"end":{"line":30,"column":9}},"line":25},"4":{"name":"(anonymous_4)","decl":{"start":{"line":33,"column":38},"end":{"line":33,"column":39}},"loc":{"start":{"line":33,"column":68},"end":{"line":41,"column":1}},"line":33},"5":{"name":"(anonymous_5)","decl":{"start":{"line":36,"column":10},"end":{"line":36,"column":11}},"loc":{"start":{"line":36,"column":22},"end":{"line":40,"column":29}},"line":36},"6":{"name":"(anonymous_6)","decl":{"start":{"line":43,"column":30},"end":{"line":43,"column":31}},"loc":{"start":{"line":43,"column":60},"end":{"line":57,"column":1}},"line":43},"7":{"name":"(anonymous_7)","decl":{"start":{"line":52,"column":10},"end":{"line":52,"column":11}},"loc":{"start":{"line":52,"column":22},"end":{"line":56,"column":29}},"line":52}},"branchMap":{"0":{"loc":{"start":{"line":5,"column":6},"end":{"line":7,"column":7}},"type":"if","locations":[{"start":{"line":5,"column":6},"end":{"line":7,"column":7}},{"start":{"line":5,"column":6},"end":{"line":7,"column":7}}],"line":5},"1":{"loc":{"start":{"line":26,"column":10},"end":{"line":28,"column":11}},"type":"if","locations":[{"start":{"line":26,"column":10},"end":{"line":28,"column":11}},{"start":{"line":26,"column":10},"end":{"line":28,"column":11}}],"line":26},"2":{"loc":{"start":{"line":37,"column":6},"end":{"line":39,"column":7}},"type":"if","locations":[{"start":{"line":37,"column":6},"end":{"line":39,"column":7}},{"start":{"line":37,"column":6},"end":{"line":39,"column":7}}],"line":37},"3":{"loc":{"start":{"line":53,"column":6},"end":{"line":55,"column":7}},"type":"if","locations":[{"start":{"line":53,"column":6},"end":{"line":55,"column":7}},{"start":{"line":53,"column":6},"end":{"line":55,"column":7}}],"line":53}},"s":{"0":6,"1":4,"2":4,"3":0,"4":0,"5":0,"6":6,"7":4,"8":4,"9":4,"10":0,"11":0,"12":0,"13":6,"14":4,"15":4,"16":0,"17":0,"18":0,"19":6,"20":4,"21":4,"22":4,"23":0,"24":0,"25":0},"f":{"0":4,"1":0,"2":4,"3":0,"4":4,"5":0,"6":4,"7":0},"b":{"0":[0,0],"1":[0,0],"2":[0,0],"3":[0,0]},"_coverageSchema":"1a1c01bbd47fc00a2c39e90264f33305004495a9","hash":"8fe61bb1eec933437ebd2472e8b9a68054dce238"}
,"/Users/johnnycassidy/turing/moduleFour/projects/crossPoll/assets/RainorShineLogo.png": {"path":"/Users/johnnycassidy/turing/moduleFour/projects/crossPoll/assets/RainorShineLogo.png","statementMap":{"0":{"start":{"line":1,"column":0},"end":{"line":1,"column":19}}},"fnMap":{},"branchMap":{},"s":{"0":1},"f":{},"b":{},"_coverageSchema":"1a1c01bbd47fc00a2c39e90264f33305004495a9","hash":"0a0bdf9cea4416c8ac545360924d55804968d321"}
,"/Users/johnnycassidy/turing/moduleFour/projects/crossPoll/assets/RainorShineTitle.png": {"path":"/Users/johnnycassidy/turing/moduleFour/projects/crossPoll/assets/RainorShineTitle.png","statementMap":{"0":{"start":{"line":1,"column":0},"end":{"line":1,"column":19}}},"fnMap":{},"branchMap":{},"s":{"0":1},"f":{},"b":{},"_coverageSchema":"1a1c01bbd47fc00a2c39e90264f33305004495a9","hash":"e2d9f91db6c5df4e9cdfa7db1b010d9c6068ec9f"}
,"/Users/johnnycassidy/turing/moduleFour/projects/crossPoll/assets/clear-day.png": {"path":"/Users/johnnycassidy/turing/moduleFour/projects/crossPoll/assets/clear-day.png","statementMap":{"0":{"start":{"line":1,"column":0},"end":{"line":1,"column":19}}},"fnMap":{},"branchMap":{},"s":{"0":1},"f":{},"b":{},"_coverageSchema":"1a1c01bbd47fc00a2c39e90264f33305004495a9","hash":"120ba14b1eada800e04ea73d58e840dd18600256"}
,"/Users/johnnycassidy/turing/moduleFour/projects/crossPoll/assets/clear-night.png": {"path":"/Users/johnnycassidy/turing/moduleFour/projects/crossPoll/assets/clear-night.png","statementMap":{"0":{"start":{"line":1,"column":0},"end":{"line":1,"column":19}}},"fnMap":{},"branchMap":{},"s":{"0":1},"f":{},"b":{},"_coverageSchema":"1a1c01bbd47fc00a2c39e90264f33305004495a9","hash":"7d6d50d1f98f38904c7b9355f515769025cdcf4b"}
,"/Users/johnnycassidy/turing/moduleFour/projects/crossPoll/assets/cloudy.png": {"path":"/Users/johnnycassidy/turing/moduleFour/projects/crossPoll/assets/cloudy.png","statementMap":{"0":{"start":{"line":1,"column":0},"end":{"line":1,"column":19}}},"fnMap":{},"branchMap":{},"s":{"0":1},"f":{},"b":{},"_coverageSchema":"1a1c01bbd47fc00a2c39e90264f33305004495a9","hash":"e37855a30b15d95d9cd57f9ae205c5f1dc8578c8"}
,"/Users/johnnycassidy/turing/moduleFour/projects/crossPoll/assets/fog.png": {"path":"/Users/johnnycassidy/turing/moduleFour/projects/crossPoll/assets/fog.png","statementMap":{"0":{"start":{"line":1,"column":0},"end":{"line":1,"column":19}}},"fnMap":{},"branchMap":{},"s":{"0":1},"f":{},"b":{},"_coverageSchema":"1a1c01bbd47fc00a2c39e90264f33305004495a9","hash":"b2e16d595b12ae7b3b14c36836be80aae04251ac"}
,"/Users/johnnycassidy/turing/moduleFour/projects/crossPoll/assets/partly-cloudy-day.png": {"path":"/Users/johnnycassidy/turing/moduleFour/projects/crossPoll/assets/partly-cloudy-day.png","statementMap":{"0":{"start":{"line":1,"column":0},"end":{"line":1,"column":19}}},"fnMap":{},"branchMap":{},"s":{"0":1},"f":{},"b":{},"_coverageSchema":"1a1c01bbd47fc00a2c39e90264f33305004495a9","hash":"63015f3522dbd52b210526b2f501dce96d4773cf"}
,"/Users/johnnycassidy/turing/moduleFour/projects/crossPoll/assets/partly-cloudy-night.png": {"path":"/Users/johnnycassidy/turing/moduleFour/projects/crossPoll/assets/partly-cloudy-night.png","statementMap":{"0":{"start":{"line":1,"column":0},"end":{"line":1,"column":19}}},"fnMap":{},"branchMap":{},"s":{"0":1},"f":{},"b":{},"_coverageSchema":"1a1c01bbd47fc00a2c39e90264f33305004495a9","hash":"da8ead00b2c5c4baab4bc303b7ff1c2b21e94732"}
,"/Users/johnnycassidy/turing/moduleFour/projects/crossPoll/assets/rain.png": {"path":"/Users/johnnycassidy/turing/moduleFour/projects/crossPoll/assets/rain.png","statementMap":{"0":{"start":{"line":1,"column":0},"end":{"line":1,"column":19}}},"fnMap":{},"branchMap":{},"s":{"0":1},"f":{},"b":{},"_coverageSchema":"1a1c01bbd47fc00a2c39e90264f33305004495a9","hash":"76376a81c5180b8392364f66ab2b0c0bac4b1694"}
,"/Users/johnnycassidy/turing/moduleFour/projects/crossPoll/assets/sleet.png": {"path":"/Users/johnnycassidy/turing/moduleFour/projects/crossPoll/assets/sleet.png","statementMap":{"0":{"start":{"line":1,"column":0},"end":{"line":1,"column":19}}},"fnMap":{},"branchMap":{},"s":{"0":1},"f":{},"b":{},"_coverageSchema":"1a1c01bbd47fc00a2c39e90264f33305004495a9","hash":"686b248b5fd1ec546317fe5cf4b3f935060d118d"}
,"/Users/johnnycassidy/turing/moduleFour/projects/crossPoll/assets/snow.png": {"path":"/Users/johnnycassidy/turing/moduleFour/projects/crossPoll/assets/snow.png","statementMap":{"0":{"start":{"line":1,"column":0},"end":{"line":1,"column":19}}},"fnMap":{},"branchMap":{},"s":{"0":1},"f":{},"b":{},"_coverageSchema":"1a1c01bbd47fc00a2c39e90264f33305004495a9","hash":"2c043598b40fa5a87bd94d12d8538de7618372b3"}
,"/Users/johnnycassidy/turing/moduleFour/projects/crossPoll/assets/wind.png": {"path":"/Users/johnnycassidy/turing/moduleFour/projects/crossPoll/assets/wind.png","statementMap":{"0":{"start":{"line":1,"column":0},"end":{"line":1,"column":19}}},"fnMap":{},"branchMap":{},"s":{"0":1},"f":{},"b":{},"_coverageSchema":"1a1c01bbd47fc00a2c39e90264f33305004495a9","hash":"268181e655f5ff79963095dba7b1a7ea4f99ffff"}
,"/Users/johnnycassidy/turing/moduleFour/projects/crossPoll/components/ActivityCard/ActivityCard.js": {"path":"/Users/johnnycassidy/turing/moduleFour/projects/crossPoll/components/ActivityCard/ActivityCard.js","statementMap":{"0":{"start":{"line":6,"column":50},"end":{"line":6,"column":61}},"1":{"start":{"line":8,"column":2},"end":{"line":46,"column":4}},"2":{"start":{"line":28,"column":12},"end":{"line":28,"column":74}},"3":{"start":{"line":35,"column":12},"end":{"line":39,"column":16}},"4":{"start":{"line":38,"column":16},"end":{"line":38,"column":46}},"5":{"start":{"line":40,"column":14},"end":{"line":40,"column":36}},"6":{"start":{"line":49,"column":15},"end":{"line":83,"column":2}}},"fnMap":{"0":{"name":"ActivityCard","decl":{"start":{"line":5,"column":24},"end":{"line":5,"column":36}},"loc":{"start":{"line":5,"column":131},"end":{"line":47,"column":1}},"line":5},"1":{"name":"(anonymous_1)","decl":{"start":{"line":27,"column":19},"end":{"line":27,"column":20}},"loc":{"start":{"line":27,"column":25},"end":{"line":29,"column":11}},"line":27},"2":{"name":"(anonymous_2)","decl":{"start":{"line":34,"column":19},"end":{"line":34,"column":20}},"loc":{"start":{"line":34,"column":25},"end":{"line":41,"column":13}},"line":34},"3":{"name":"(anonymous_3)","decl":{"start":{"line":37,"column":20},"end":{"line":37,"column":21}},"loc":{"start":{"line":37,"column":32},"end":{"line":39,"column":15}},"line":37}},"branchMap":{},"s":{"0":2,"1":2,"2":0,"3":0,"4":0,"5":0,"6":3},"f":{"0":2,"1":0,"2":0,"3":0},"b":{},"_coverageSchema":"1a1c01bbd47fc00a2c39e90264f33305004495a9","hash":"a0e4572ef593f531b4d8d0bd95b9740028b1f05d"}
,"/Users/johnnycassidy/turing/moduleFour/projects/crossPoll/components/Loading/Loading.js": {"path":"/Users/johnnycassidy/turing/moduleFour/projects/crossPoll/components/Loading/Loading.js","statementMap":{"0":{"start":{"line":5,"column":2},"end":{"line":9,"column":4}},"1":{"start":{"line":12,"column":15},"end":{"line":23,"column":2}}},"fnMap":{"0":{"name":"Loading","decl":{"start":{"line":4,"column":24},"end":{"line":4,"column":31}},"loc":{"start":{"line":4,"column":34},"end":{"line":10,"column":1}},"line":4}},"branchMap":{},"s":{"0":2,"1":4},"f":{"0":2},"b":{},"_coverageSchema":"1a1c01bbd47fc00a2c39e90264f33305004495a9","hash":"8c82781db4900e33bfcb6cde0ef67a04dee319ed"}
,"/Users/johnnycassidy/turing/moduleFour/projects/crossPoll/components/UserLandingPage/UserLandingPage.js": {"path":"/Users/johnnycassidy/turing/moduleFour/projects/crossPoll/components/UserLandingPage/UserLandingPage.js","statementMap":{"0":{"start":{"line":9,"column":2},"end":{"line":53,"column":3}},"1":{"start":{"line":10,"column":4},"end":{"line":10,"column":22}},"2":{"start":{"line":11,"column":9},"end":{"line":53,"column":3}},"3":{"start":{"line":12,"column":4},"end":{"line":31,"column":5}},"4":{"start":{"line":17,"column":8},"end":{"line":29,"column":9}},"5":{"start":{"line":33,"column":4},"end":{"line":52,"column":5}},"6":{"start":{"line":38,"column":10},"end":{"line":50,"column":11}},"7":{"start":{"line":56,"column":15},"end":{"line":65,"column":2}}},"fnMap":{"0":{"name":"UserLandingPage","decl":{"start":{"line":6,"column":24},"end":{"line":6,"column":39}},"loc":{"start":{"line":6,"column":163},"end":{"line":54,"column":1}},"line":6},"1":{"name":"(anonymous_1)","decl":{"start":{"line":16,"column":29},"end":{"line":16,"column":30}},"loc":{"start":{"line":16,"column":41},"end":{"line":29,"column":10}},"line":16},"2":{"name":"(anonymous_2)","decl":{"start":{"line":37,"column":32},"end":{"line":37,"column":33}},"loc":{"start":{"line":37,"column":44},"end":{"line":50,"column":12}},"line":37}},"branchMap":{"0":{"loc":{"start":{"line":9,"column":2},"end":{"line":53,"column":3}},"type":"if","locations":[{"start":{"line":9,"column":2},"end":{"line":53,"column":3}},{"start":{"line":9,"column":2},"end":{"line":53,"column":3}}],"line":9},"1":{"loc":{"start":{"line":11,"column":9},"end":{"line":53,"column":3}},"type":"if","locations":[{"start":{"line":11,"column":9},"end":{"line":53,"column":3}},{"start":{"line":11,"column":9},"end":{"line":53,"column":3}}],"line":11}},"s":{"0":1,"1":0,"2":1,"3":0,"4":0,"5":1,"6":1,"7":2},"f":{"0":1,"1":0,"2":1},"b":{"0":[0,1],"1":[0,1]},"_coverageSchema":"1a1c01bbd47fc00a2c39e90264f33305004495a9","hash":"837f2167382ed9e2f4f01f7d357ead8069b308cc"}
,"/Users/johnnycassidy/turing/moduleFour/projects/crossPoll/components/UserWelcome/UserWelcome.js": {"path":"/Users/johnnycassidy/turing/moduleFour/projects/crossPoll/components/UserWelcome/UserWelcome.js","statementMap":{"0":{"start":{"line":5,"column":14},"end":{"line":5,"column":24}},"1":{"start":{"line":6,"column":11},"end":{"line":6,"column":51}},"2":{"start":{"line":7,"column":11},"end":{"line":7,"column":56}},"3":{"start":{"line":8,"column":13},"end":{"line":8,"column":32}},"4":{"start":{"line":10,"column":2},"end":{"line":10,"column":37}},"5":{"start":{"line":11,"column":2},"end":{"line":16,"column":3}},"6":{"start":{"line":19,"column":15},"end":{"line":32,"column":2}}},"fnMap":{"0":{"name":"UserWelcome","decl":{"start":{"line":4,"column":24},"end":{"line":4,"column":35}},"loc":{"start":{"line":4,"column":46},"end":{"line":17,"column":1}},"line":4}},"branchMap":{},"s":{"0":1,"1":1,"2":1,"3":1,"4":1,"5":1,"6":2},"f":{"0":1},"b":{},"_coverageSchema":"1a1c01bbd47fc00a2c39e90264f33305004495a9","hash":"3a287900ce16058a40cc7ba46d818dd7179644bc"}
,"/Users/johnnycassidy/turing/moduleFour/projects/crossPoll/components/WeatherWindow/WeatherWindow.js": {"path":"/Users/johnnycassidy/turing/moduleFour/projects/crossPoll/components/WeatherWindow/WeatherWindow.js","statementMap":{"0":{"start":{"line":5,"column":25},"end":{"line":16,"column":3}},"1":{"start":{"line":18,"column":15},"end":{"line":18,"column":52}},"2":{"start":{"line":20,"column":2},"end":{"line":32,"column":3}},"3":{"start":{"line":35,"column":15},"end":{"line":56,"column":2}}},"fnMap":{"0":{"name":"WeatherWindow","decl":{"start":{"line":4,"column":24},"end":{"line":4,"column":37}},"loc":{"start":{"line":4,"column":52},"end":{"line":33,"column":1}},"line":4}},"branchMap":{},"s":{"0":1,"1":1,"2":1,"3":2},"f":{"0":1},"b":{},"_coverageSchema":"1a1c01bbd47fc00a2c39e90264f33305004495a9","hash":"c4bd9c3008c00ed03a4a7af3791c961ff6414ea4"}
,"/Users/johnnycassidy/turing/moduleFour/projects/crossPoll/context/ActivityContext.js": {"path":"/Users/johnnycassidy/turing/moduleFour/projects/crossPoll/context/ActivityContext.js","statementMap":{"0":{"start":{"line":3,"column":24},"end":{"line":3,"column":39}}},"fnMap":{},"branchMap":{},"s":{"0":1},"f":{},"b":{},"_coverageSchema":"1a1c01bbd47fc00a2c39e90264f33305004495a9","hash":"be2d0d3e39adc4d05ba0a28366a90e1f8349297a"}
,"/Users/johnnycassidy/turing/moduleFour/projects/crossPoll/screens/ActivityDetails/ActivityDetails.js": {"path":"/Users/johnnycassidy/turing/moduleFour/projects/crossPoll/screens/ActivityDetails/ActivityDetails.js","statementMap":{"0":{"start":{"line":8,"column":50},"end":{"line":8,"column":62}},"1":{"start":{"line":9,"column":34},"end":{"line":9,"column":46}},"2":{"start":{"line":12,"column":33},"end":{"line":12,"column":45}},"3":{"start":{"line":13,"column":2},"end":{"line":13,"column":33}},"4":{"start":{"line":15,"column":2},"end":{"line":23,"column":4}},"5":{"start":{"line":16,"column":4},"end":{"line":22,"column":5}},"6":{"start":{"line":17,"column":6},"end":{"line":21,"column":8}},"7":{"start":{"line":19,"column":8},"end":{"line":19,"column":40}},"8":{"start":{"line":20,"column":8},"end":{"line":20,"column":25}},"9":{"start":{"line":25,"column":2},"end":{"line":86,"column":5}},"10":{"start":{"line":26,"column":4},"end":{"line":26,"column":15}},"11":{"start":{"line":27,"column":9},"end":{"line":86,"column":5}},"12":{"start":{"line":28,"column":4},"end":{"line":45,"column":5}},"13":{"start":{"line":40,"column":27},"end":{"line":40,"column":53}},"14":{"start":{"line":46,"column":35},"end":{"line":57,"column":8}},"15":{"start":{"line":47,"column":8},"end":{"line":56,"column":9}},"16":{"start":{"line":59,"column":37},"end":{"line":69,"column":8}},"17":{"start":{"line":60,"column":8},"end":{"line":68,"column":9}},"18":{"start":{"line":70,"column":6},"end":{"line":85,"column":7}},"19":{"start":{"line":80,"column":29},"end":{"line":80,"column":56}},"20":{"start":{"line":89,"column":15},"end":{"line":149,"column":2}}},"fnMap":{"0":{"name":"ActivityDetails","decl":{"start":{"line":7,"column":24},"end":{"line":7,"column":39}},"loc":{"start":{"line":7,"column":63},"end":{"line":87,"column":3}},"line":7},"1":{"name":"(anonymous_1)","decl":{"start":{"line":15,"column":12},"end":{"line":15,"column":13}},"loc":{"start":{"line":15,"column":18},"end":{"line":23,"column":3}},"line":15},"2":{"name":"(anonymous_2)","decl":{"start":{"line":18,"column":12},"end":{"line":18,"column":13}},"loc":{"start":{"line":18,"column":20},"end":{"line":21,"column":7}},"line":18},"3":{"name":"(anonymous_3)","decl":{"start":{"line":40,"column":21},"end":{"line":40,"column":22}},"loc":{"start":{"line":40,"column":27},"end":{"line":40,"column":53}},"line":40},"4":{"name":"(anonymous_4)","decl":{"start":{"line":46,"column":73},"end":{"line":46,"column":74}},"loc":{"start":{"line":46,"column":95},"end":{"line":57,"column":7}},"line":46},"5":{"name":"(anonymous_5)","decl":{"start":{"line":59,"column":77},"end":{"line":59,"column":78}},"loc":{"start":{"line":59,"column":101},"end":{"line":69,"column":7}},"line":59},"6":{"name":"(anonymous_6)","decl":{"start":{"line":80,"column":23},"end":{"line":80,"column":24}},"loc":{"start":{"line":80,"column":29},"end":{"line":80,"column":56}},"line":80}},"branchMap":{"0":{"loc":{"start":{"line":16,"column":4},"end":{"line":22,"column":5}},"type":"if","locations":[{"start":{"line":16,"column":4},"end":{"line":22,"column":5}},{"start":{"line":16,"column":4},"end":{"line":22,"column":5}}],"line":16},"1":{"loc":{"start":{"line":25,"column":2},"end":{"line":86,"column":5}},"type":"if","locations":[{"start":{"line":25,"column":2},"end":{"line":86,"column":5}},{"start":{"line":25,"column":2},"end":{"line":86,"column":5}}],"line":25},"2":{"loc":{"start":{"line":27,"column":9},"end":{"line":86,"column":5}},"type":"if","locations":[{"start":{"line":27,"column":9},"end":{"line":86,"column":5}},{"start":{"line":27,"column":9},"end":{"line":86,"column":5}}],"line":27},"3":{"loc":{"start":{"line":34,"column":12},"end":{"line":34,"column":107}},"type":"binary-expr","locations":[{"start":{"line":34,"column":12},"end":{"line":34,"column":39}},{"start":{"line":34,"column":43},"end":{"line":34,"column":107}}],"line":34}},"s":{"0":1,"1":1,"2":1,"3":1,"4":1,"5":0,"6":0,"7":0,"8":0,"9":1,"10":1,"11":0,"12":0,"13":0,"14":0,"15":0,"16":0,"17":0,"18":0,"19":0,"20":1},"f":{"0":1,"1":0,"2":0,"3":0,"4":0,"5":0,"6":0},"b":{"0":[0,0],"1":[1,0],"2":[0,0],"3":[0,0]},"_coverageSchema":"1a1c01bbd47fc00a2c39e90264f33305004495a9","hash":"49f9f4f9f71dc56839fe63dd8f30a1445eb26d5d"}
,"/Users/johnnycassidy/turing/moduleFour/projects/crossPoll/screens/HomeScreen/HomeScreen.js": {"path":"/Users/johnnycassidy/turing/moduleFour/projects/crossPoll/screens/HomeScreen/HomeScreen.js","statementMap":{"0":{"start":{"line":9,"column":38},"end":{"line":9,"column":50}},"1":{"start":{"line":10,"column":34},"end":{"line":10,"column":44}},"2":{"start":{"line":11,"column":62},"end":{"line":11,"column":77}},"3":{"start":{"line":12,"column":26},"end":{"line":12,"column":94}},"4":{"start":{"line":12,"column":56},"end":{"line":12,"column":93}},"5":{"start":{"line":13,"column":27},"end":{"line":13,"column":95}},"6":{"start":{"line":13,"column":57},"end":{"line":13,"column":94}},"7":{"start":{"line":14,"column":2},"end":{"line":14,"column":71}},"8":{"start":{"line":14,"column":35},"end":{"line":14,"column":70}},"9":{"start":{"line":15,"column":2},"end":{"line":15,"column":72}},"10":{"start":{"line":15,"column":36},"end":{"line":15,"column":71}},"11":{"start":{"line":17,"column":31},"end":{"line":19,"column":3}},"12":{"start":{"line":18,"column":4},"end":{"line":18,"column":21}},"13":{"start":{"line":21,"column":2},"end":{"line":29,"column":4}},"14":{"start":{"line":22,"column":4},"end":{"line":28,"column":5}},"15":{"start":{"line":23,"column":6},"end":{"line":27,"column":10}},"16":{"start":{"line":25,"column":10},"end":{"line":25,"column":90}},"17":{"start":{"line":26,"column":10},"end":{"line":26,"column":50}},"18":{"start":{"line":30,"column":2},"end":{"line":84,"column":3}},"19":{"start":{"line":31,"column":4},"end":{"line":31,"column":22}},"20":{"start":{"line":32,"column":9},"end":{"line":84,"column":3}},"21":{"start":{"line":33,"column":4},"end":{"line":57,"column":5}},"22":{"start":{"line":40,"column":27},"end":{"line":40,"column":95}},"23":{"start":{"line":46,"column":27},"end":{"line":46,"column":58}},"24":{"start":{"line":59,"column":4},"end":{"line":83,"column":5}},"25":{"start":{"line":66,"column":27},"end":{"line":66,"column":95}},"26":{"start":{"line":72,"column":27},"end":{"line":72,"column":59}},"27":{"start":{"line":87,"column":15},"end":{"line":94,"column":2}}},"fnMap":{"0":{"name":"HomeScreen","decl":{"start":{"line":8,"column":24},"end":{"line":8,"column":34}},"loc":{"start":{"line":8,"column":51},"end":{"line":85,"column":1}},"line":8},"1":{"name":"(anonymous_1)","decl":{"start":{"line":12,"column":44},"end":{"line":12,"column":45}},"loc":{"start":{"line":12,"column":56},"end":{"line":12,"column":93}},"line":12},"2":{"name":"(anonymous_2)","decl":{"start":{"line":13,"column":45},"end":{"line":13,"column":46}},"loc":{"start":{"line":13,"column":57},"end":{"line":13,"column":94}},"line":13},"3":{"name":"(anonymous_3)","decl":{"start":{"line":14,"column":25},"end":{"line":14,"column":26}},"loc":{"start":{"line":14,"column":35},"end":{"line":14,"column":70}},"line":14},"4":{"name":"(anonymous_4)","decl":{"start":{"line":15,"column":26},"end":{"line":15,"column":27}},"loc":{"start":{"line":15,"column":36},"end":{"line":15,"column":71}},"line":15},"5":{"name":"(anonymous_5)","decl":{"start":{"line":17,"column":31},"end":{"line":17,"column":32}},"loc":{"start":{"line":17,"column":37},"end":{"line":19,"column":3}},"line":17},"6":{"name":"(anonymous_6)","decl":{"start":{"line":21,"column":12},"end":{"line":21,"column":13}},"loc":{"start":{"line":21,"column":18},"end":{"line":29,"column":3}},"line":21},"7":{"name":"(anonymous_7)","decl":{"start":{"line":24,"column":14},"end":{"line":24,"column":15}},"loc":{"start":{"line":24,"column":22},"end":{"line":27,"column":9}},"line":24},"8":{"name":"(anonymous_8)","decl":{"start":{"line":40,"column":21},"end":{"line":40,"column":22}},"loc":{"start":{"line":40,"column":27},"end":{"line":40,"column":95}},"line":40},"9":{"name":"(anonymous_9)","decl":{"start":{"line":46,"column":21},"end":{"line":46,"column":22}},"loc":{"start":{"line":46,"column":27},"end":{"line":46,"column":58}},"line":46},"10":{"name":"(anonymous_10)","decl":{"start":{"line":66,"column":21},"end":{"line":66,"column":22}},"loc":{"start":{"line":66,"column":27},"end":{"line":66,"column":95}},"line":66},"11":{"name":"(anonymous_11)","decl":{"start":{"line":72,"column":21},"end":{"line":72,"column":22}},"loc":{"start":{"line":72,"column":27},"end":{"line":72,"column":59}},"line":72}},"branchMap":{"0":{"loc":{"start":{"line":22,"column":4},"end":{"line":28,"column":5}},"type":"if","locations":[{"start":{"line":22,"column":4},"end":{"line":28,"column":5}},{"start":{"line":22,"column":4},"end":{"line":28,"column":5}}],"line":22},"1":{"loc":{"start":{"line":30,"column":2},"end":{"line":84,"column":3}},"type":"if","locations":[{"start":{"line":30,"column":2},"end":{"line":84,"column":3}},{"start":{"line":30,"column":2},"end":{"line":84,"column":3}}],"line":30},"2":{"loc":{"start":{"line":30,"column":6},"end":{"line":30,"column":30}},"type":"binary-expr","locations":[{"start":{"line":30,"column":6},"end":{"line":30,"column":17}},{"start":{"line":30,"column":21},"end":{"line":30,"column":30}}],"line":30},"3":{"loc":{"start":{"line":32,"column":9},"end":{"line":84,"column":3}},"type":"if","locations":[{"start":{"line":32,"column":9},"end":{"line":84,"column":3}},{"start":{"line":32,"column":9},"end":{"line":84,"column":3}}],"line":32},"4":{"loc":{"start":{"line":32,"column":13},"end":{"line":32,"column":71}},"type":"binary-expr","locations":[{"start":{"line":32,"column":13},"end":{"line":32,"column":23}},{"start":{"line":32,"column":27},"end":{"line":32,"column":35}},{"start":{"line":32,"column":39},"end":{"line":32,"column":71}}],"line":32}},"s":{"0":1,"1":1,"2":1,"3":1,"4":0,"5":1,"6":0,"7":1,"8":0,"9":1,"10":0,"11":1,"12":0,"13":1,"14":0,"15":0,"16":0,"17":0,"18":1,"19":1,"20":0,"21":0,"22":0,"23":0,"24":0,"25":0,"26":0,"27":1},"f":{"0":1,"1":0,"2":0,"3":0,"4":0,"5":0,"6":0,"7":0,"8":0,"9":0,"10":0,"11":0},"b":{"0":[0,0],"1":[1,0],"2":[1,1],"3":[0,0],"4":[0,0,0]},"_coverageSchema":"1a1c01bbd47fc00a2c39e90264f33305004495a9","hash":"9ae8046df4896c738045833a0b9cbe9812b842a6"}
,"/Users/johnnycassidy/turing/moduleFour/projects/crossPoll/screens/LoginScreen/LoginScreen.js": {"path":"/Users/johnnycassidy/turing/moduleFour/projects/crossPoll/screens/LoginScreen/LoginScreen.js","statementMap":{"0":{"start":{"line":5,"column":2},"end":{"line":27,"column":3}},"1":{"start":{"line":23,"column":27},"end":{"line":23,"column":54}},"2":{"start":{"line":30,"column":15},"end":{"line":72,"column":2}}},"fnMap":{"0":{"name":"LoginScreen","decl":{"start":{"line":4,"column":24},"end":{"line":4,"column":35}},"loc":{"start":{"line":4,"column":52},"end":{"line":28,"column":1}},"line":4},"1":{"name":"(anonymous_1)","decl":{"start":{"line":23,"column":21},"end":{"line":23,"column":22}},"loc":{"start":{"line":23,"column":27},"end":{"line":23,"column":54}},"line":23}},"branchMap":{},"s":{"0":1,"1":0,"2":1},"f":{"0":1,"1":0},"b":{},"_coverageSchema":"1a1c01bbd47fc00a2c39e90264f33305004495a9","hash":"9bbee1960303b7c9f59ce211262d03d76dfe806c"}
,"/Users/johnnycassidy/turing/moduleFour/projects/crossPoll/screens/NewActivityForm/NewActivityForm.js": {"path":"/Users/johnnycassidy/turing/moduleFour/projects/crossPoll/screens/NewActivityForm/NewActivityForm.js","statementMap":{"0":{"start":{"line":9,"column":45},"end":{"line":9,"column":57}},"1":{"start":{"line":10,"column":34},"end":{"line":10,"column":46}},"2":{"start":{"line":11,"column":34},"end":{"line":11,"column":46}},"3":{"start":{"line":12,"column":44},"end":{"line":12,"column":54}},"4":{"start":{"line":13,"column":26},"end":{"line":13,"column":56}},"5":{"start":{"line":14,"column":26},"end":{"line":14,"column":41}},"6":{"start":{"line":15,"column":26},"end":{"line":15,"column":42}},"7":{"start":{"line":16,"column":25},"end":{"line":30,"column":3}},"8":{"start":{"line":17,"column":15},"end":{"line":17,"column":33}},"9":{"start":{"line":19,"column":4},"end":{"line":23,"column":5}},"10":{"start":{"line":20,"column":6},"end":{"line":20,"column":39}},"11":{"start":{"line":22,"column":6},"end":{"line":22,"column":33}},"12":{"start":{"line":24,"column":4},"end":{"line":28,"column":5}},"13":{"start":{"line":25,"column":6},"end":{"line":25,"column":32}},"14":{"start":{"line":27,"column":6},"end":{"line":27,"column":27}},"15":{"start":{"line":29,"column":4},"end":{"line":29,"column":42}},"16":{"start":{"line":32,"column":23},"end":{"line":36,"column":3}},"17":{"start":{"line":33,"column":24},"end":{"line":33,"column":44}},"18":{"start":{"line":34,"column":4},"end":{"line":34,"column":19}},"19":{"start":{"line":35,"column":4},"end":{"line":35,"column":25}},"20":{"start":{"line":38,"column":19},"end":{"line":41,"column":3}},"21":{"start":{"line":39,"column":4},"end":{"line":39,"column":18}},"22":{"start":{"line":40,"column":4},"end":{"line":40,"column":25}},"23":{"start":{"line":43,"column":25},"end":{"line":45,"column":3}},"24":{"start":{"line":44,"column":4},"end":{"line":44,"column":21}},"25":{"start":{"line":47,"column":4},"end":{"line":115,"column":5}},"26":{"start":{"line":54,"column":42},"end":{"line":54,"column":64}},"27":{"start":{"line":82,"column":35},"end":{"line":82,"column":53}},"28":{"start":{"line":103,"column":31},"end":{"line":103,"column":51}},"29":{"start":{"line":104,"column":33},"end":{"line":104,"column":98}},"30":{"start":{"line":105,"column":14},"end":{"line":110,"column":18}},"31":{"start":{"line":107,"column":18},"end":{"line":107,"column":40}},"32":{"start":{"line":108,"column":18},"end":{"line":108,"column":45}},"33":{"start":{"line":118,"column":15},"end":{"line":144,"column":2}}},"fnMap":{"0":{"name":"NewActivityForm","decl":{"start":{"line":8,"column":24},"end":{"line":8,"column":39}},"loc":{"start":{"line":8,"column":63},"end":{"line":116,"column":3}},"line":8},"1":{"name":"(anonymous_1)","decl":{"start":{"line":16,"column":25},"end":{"line":16,"column":26}},"loc":{"start":{"line":16,"column":35},"end":{"line":30,"column":3}},"line":16},"2":{"name":"(anonymous_2)","decl":{"start":{"line":32,"column":23},"end":{"line":32,"column":24}},"loc":{"start":{"line":32,"column":48},"end":{"line":36,"column":3}},"line":32},"3":{"name":"(anonymous_3)","decl":{"start":{"line":38,"column":19},"end":{"line":38,"column":20}},"loc":{"start":{"line":38,"column":34},"end":{"line":41,"column":3}},"line":38},"4":{"name":"(anonymous_4)","decl":{"start":{"line":43,"column":25},"end":{"line":43,"column":26}},"loc":{"start":{"line":43,"column":31},"end":{"line":45,"column":3}},"line":43},"5":{"name":"(anonymous_5)","decl":{"start":{"line":54,"column":27},"end":{"line":54,"column":28}},"loc":{"start":{"line":54,"column":42},"end":{"line":54,"column":64}},"line":54},"6":{"name":"(anonymous_6)","decl":{"start":{"line":82,"column":24},"end":{"line":82,"column":25}},"loc":{"start":{"line":82,"column":35},"end":{"line":82,"column":53}},"line":82},"7":{"name":"(anonymous_7)","decl":{"start":{"line":102,"column":21},"end":{"line":102,"column":22}},"loc":{"start":{"line":102,"column":27},"end":{"line":111,"column":13}},"line":102},"8":{"name":"(anonymous_8)","decl":{"start":{"line":106,"column":22},"end":{"line":106,"column":23}},"loc":{"start":{"line":106,"column":30},"end":{"line":109,"column":17}},"line":106}},"branchMap":{"0":{"loc":{"start":{"line":19,"column":4},"end":{"line":23,"column":5}},"type":"if","locations":[{"start":{"line":19,"column":4},"end":{"line":23,"column":5}},{"start":{"line":19,"column":4},"end":{"line":23,"column":5}}],"line":19},"1":{"loc":{"start":{"line":24,"column":4},"end":{"line":28,"column":5}},"type":"if","locations":[{"start":{"line":24,"column":4},"end":{"line":28,"column":5}},{"start":{"line":24,"column":4},"end":{"line":28,"column":5}}],"line":24},"2":{"loc":{"start":{"line":33,"column":24},"end":{"line":33,"column":44}},"type":"binary-expr","locations":[{"start":{"line":33,"column":24},"end":{"line":33,"column":36}},{"start":{"line":33,"column":40},"end":{"line":33,"column":44}}],"line":33},"3":{"loc":{"start":{"line":88,"column":9},"end":{"line":98,"column":9}},"type":"binary-expr","locations":[{"start":{"line":88,"column":9},"end":{"line":88,"column":13}},{"start":{"line":89,"column":10},"end":{"line":97,"column":10}}],"line":88}},"s":{"0":1,"1":1,"2":1,"3":1,"4":1,"5":1,"6":1,"7":1,"8":0,"9":0,"10":0,"11":0,"12":0,"13":0,"14":0,"15":0,"16":1,"17":0,"18":0,"19":0,"20":1,"21":0,"22":0,"23":1,"24":0,"25":1,"26":0,"27":0,"28":0,"29":0,"30":0,"31":0,"32":0,"33":1},"f":{"0":1,"1":0,"2":0,"3":0,"4":0,"5":0,"6":0,"7":0,"8":0},"b":{"0":[0,0],"1":[0,0],"2":[0,0],"3":[1,0]},"_coverageSchema":"1a1c01bbd47fc00a2c39e90264f33305004495a9","hash":"8fb491b51ae47894bf7995bb9bdb277703e347ec"}
}
