TN:
SF:apiCalls/apiCalls.js
FN:1,(anonymous_0)
FN:4,(anonymous_1)
FN:11,(anonymous_2)
FN:25,(anonymous_3)
FN:33,(anonymous_4)
FN:36,(anonymous_5)
FN:43,(anonymous_6)
FN:52,(anonymous_7)
FNF:8
FNH:4
FNDA:4,(anonymous_0)
FNDA:0,(anonymous_1)
FNDA:4,(anonymous_2)
FNDA:0,(anonymous_3)
FNDA:4,(anonymous_4)
FNDA:0,(anonymous_5)
FNDA:4,(anonymous_6)
FNDA:0,(anonymous_7)
DA:1,6
DA:2,4
DA:3,4
DA:5,0
DA:6,0
DA:8,0
DA:11,6
DA:12,4
DA:13,4
DA:24,4
DA:26,0
DA:27,0
DA:29,0
DA:33,6
DA:34,4
DA:35,4
DA:37,0
DA:38,0
DA:40,0
DA:43,6
DA:44,4
DA:45,4
DA:51,4
DA:53,0
DA:54,0
DA:56,0
LF:26
LH:14
BRDA:5,0,0,0
BRDA:5,0,1,0
BRDA:26,1,0,0
BRDA:26,1,1,0
BRDA:37,2,0,0
BRDA:37,2,1,0
BRDA:53,3,0,0
BRDA:53,3,1,0
BRF:8
BRH:0
end_of_record
TN:
SF:assets/RainorShineLogo.png
FNF:0
FNH:0
DA:1,1
LF:1
LH:1
BRF:0
BRH:0
end_of_record
TN:
SF:assets/RainorShineTitle.png
FNF:0
FNH:0
DA:1,1
LF:1
LH:1
BRF:0
BRH:0
end_of_record
TN:
SF:assets/clear-day.png
FNF:0
FNH:0
DA:1,1
LF:1
LH:1
BRF:0
BRH:0
end_of_record
TN:
SF:assets/clear-night.png
FNF:0
FNH:0
DA:1,1
LF:1
LH:1
BRF:0
BRH:0
end_of_record
TN:
SF:assets/cloudy.png
FNF:0
FNH:0
DA:1,1
LF:1
LH:1
BRF:0
BRH:0
end_of_record
TN:
SF:assets/fog.png
FNF:0
FNH:0
DA:1,1
LF:1
LH:1
BRF:0
BRH:0
end_of_record
TN:
SF:assets/partly-cloudy-day.png
FNF:0
FNH:0
DA:1,1
LF:1
LH:1
BRF:0
BRH:0
end_of_record
TN:
SF:assets/partly-cloudy-night.png
FNF:0
FNH:0
DA:1,1
LF:1
LH:1
BRF:0
BRH:0
end_of_record
TN:
SF:assets/rain.png
FNF:0
FNH:0
DA:1,1
LF:1
LH:1
BRF:0
BRH:0
end_of_record
TN:
SF:assets/sleet.png
FNF:0
FNH:0
DA:1,1
LF:1
LH:1
BRF:0
BRH:0
end_of_record
TN:
SF:assets/snow.png
FNF:0
FNH:0
DA:1,1
LF:1
LH:1
BRF:0
BRH:0
end_of_record
TN:
SF:assets/wind.png
FNF:0
FNH:0
DA:1,1
LF:1
LH:1
BRF:0
BRH:0
end_of_record
TN:
SF:components/ActivityCard/ActivityCard.js
FN:5,ActivityCard
FN:27,(anonymous_1)
FN:34,(anonymous_2)
FN:37,(anonymous_3)
FNF:4
FNH:1
FNDA:2,ActivityCard
FNDA:0,(anonymous_1)
FNDA:0,(anonymous_2)
FNDA:0,(anonymous_3)
DA:6,2
DA:8,2
DA:28,0
DA:35,0
DA:38,0
DA:40,0
DA:49,3
LF:7
LH:3
BRF:0
BRH:0
end_of_record
TN:
SF:components/Loading/Loading.js
FN:4,Loading
FNF:1
FNH:1
FNDA:2,Loading
DA:5,2
DA:12,4
LF:2
LH:2
BRF:0
BRH:0
end_of_record
TN:
SF:components/UserLandingPage/UserLandingPage.js
FN:6,UserLandingPage
FN:16,(anonymous_1)
FN:37,(anonymous_2)
FNF:3
FNH:2
FNDA:1,UserLandingPage
FNDA:0,(anonymous_1)
FNDA:1,(anonymous_2)
DA:9,1
DA:10,0
DA:11,1
DA:12,0
DA:17,0
DA:33,1
DA:38,1
DA:56,2
LF:8
LH:5
BRDA:9,0,0,0
BRDA:9,0,1,1
BRDA:11,1,0,0
BRDA:11,1,1,1
BRF:4
BRH:2
end_of_record
TN:
SF:components/UserWelcome/UserWelcome.js
FN:4,UserWelcome
FNF:1
FNH:1
FNDA:1,UserWelcome
DA:5,1
DA:6,1
DA:7,1
DA:8,1
DA:10,1
DA:11,1
DA:19,2
LF:7
LH:7
BRF:0
BRH:0
end_of_record
TN:
SF:components/WeatherWindow/WeatherWindow.js
FN:4,WeatherWindow
FNF:1
FNH:1
FNDA:1,WeatherWindow
DA:5,1
DA:18,1
DA:20,1
DA:35,2
LF:4
LH:4
BRF:0
BRH:0
end_of_record
TN:
SF:context/ActivityContext.js
FNF:0
FNH:0
DA:3,1
LF:1
LH:1
BRF:0
BRH:0
end_of_record
TN:
SF:screens/ActivityDetails/ActivityDetails.js
FN:7,ActivityDetails
FN:15,(anonymous_1)
FN:18,(anonymous_2)
FN:40,(anonymous_3)
FN:46,(anonymous_4)
FN:59,(anonymous_5)
FN:80,(anonymous_6)
FNF:7
FNH:1
FNDA:1,ActivityDetails
FNDA:0,(anonymous_1)
FNDA:0,(anonymous_2)
FNDA:0,(anonymous_3)
FNDA:0,(anonymous_4)
FNDA:0,(anonymous_5)
FNDA:0,(anonymous_6)
DA:8,1
DA:9,1
DA:12,1
DA:13,1
DA:15,1
DA:16,0
DA:17,0
DA:19,0
DA:20,0
DA:25,1
DA:26,1
DA:27,0
DA:28,0
DA:40,0
DA:46,0
DA:47,0
DA:59,0
DA:60,0
DA:70,0
DA:80,0
DA:89,1
LF:21
LH:8
BRDA:16,0,0,0
BRDA:16,0,1,0
BRDA:25,1,0,1
BRDA:25,1,1,0
BRDA:27,2,0,0
BRDA:27,2,1,0
BRDA:34,3,0,0
BRDA:34,3,1,0
BRF:8
BRH:1
end_of_record
TN:
SF:screens/HomeScreen/HomeScreen.js
FN:8,HomeScreen
FN:12,(anonymous_1)
FN:13,(anonymous_2)
FN:14,(anonymous_3)
FN:15,(anonymous_4)
FN:17,(anonymous_5)
FN:21,(anonymous_6)
FN:24,(anonymous_7)
FN:40,(anonymous_8)
FN:46,(anonymous_9)
FN:66,(anonymous_10)
FN:72,(anonymous_11)
FNF:12
FNH:1
FNDA:1,HomeScreen
FNDA:0,(anonymous_1)
FNDA:0,(anonymous_2)
FNDA:0,(anonymous_3)
FNDA:0,(anonymous_4)
FNDA:0,(anonymous_5)
FNDA:0,(anonymous_6)
FNDA:0,(anonymous_7)
FNDA:0,(anonymous_8)
FNDA:0,(anonymous_9)
FNDA:0,(anonymous_10)
FNDA:0,(anonymous_11)
DA:9,1
DA:10,1
DA:11,1
DA:12,1
DA:13,1
DA:14,1
DA:15,1
DA:17,1
DA:18,0
DA:21,1
DA:22,0
DA:23,0
DA:25,0
DA:26,0
DA:30,1
DA:31,1
DA:32,0
DA:33,0
DA:40,0
DA:46,0
DA:59,0
DA:66,0
DA:72,0
DA:87,1
LF:24
LH:12
BRDA:22,0,0,0
BRDA:22,0,1,0
BRDA:30,1,0,1
BRDA:30,1,1,0
BRDA:30,2,0,1
BRDA:30,2,1,1
BRDA:32,3,0,0
BRDA:32,3,1,0
BRDA:32,4,0,0
BRDA:32,4,1,0
BRDA:32,4,2,0
BRF:11
BRH:3
end_of_record
TN:
SF:screens/LoginScreen/LoginScreen.js
FN:4,LoginScreen
FN:23,(anonymous_1)
FNF:2
FNH:1
FNDA:1,LoginScreen
FNDA:0,(anonymous_1)
DA:5,1
DA:23,0
DA:30,1
LF:3
LH:2
BRF:0
BRH:0
end_of_record
TN:
SF:screens/NewActivityForm/NewActivityForm.js
FN:8,NewActivityForm
FN:16,(anonymous_1)
FN:32,(anonymous_2)
FN:38,(anonymous_3)
FN:43,(anonymous_4)
FN:54,(anonymous_5)
FN:82,(anonymous_6)
FN:102,(anonymous_7)
FN:106,(anonymous_8)
FNF:9
FNH:1
FNDA:1,NewActivityForm
FNDA:0,(anonymous_1)
FNDA:0,(anonymous_2)
FNDA:0,(anonymous_3)
FNDA:0,(anonymous_4)
FNDA:0,(anonymous_5)
FNDA:0,(anonymous_6)
FNDA:0,(anonymous_7)
FNDA:0,(anonymous_8)
DA:9,1
DA:10,1
DA:11,1
DA:12,1
DA:13,1
DA:14,1
DA:15,1
DA:16,1
DA:17,0
DA:19,0
DA:20,0
DA:22,0
DA:24,0
DA:25,0
DA:27,0
DA:29,0
DA:32,1
DA:33,0
DA:34,0
DA:35,0
DA:38,1
DA:39,0
DA:40,0
DA:43,1
DA:44,0
DA:47,1
DA:54,0
DA:82,0
DA:103,0
DA:104,0
DA:105,0
DA:107,0
DA:108,0
DA:118,1
LF:34
LH:13
BRDA:19,0,0,0
BRDA:19,0,1,0
BRDA:24,1,0,0
BRDA:24,1,1,0
BRDA:33,2,0,0
BRDA:33,2,1,0
BRDA:88,3,0,1
BRDA:88,3,1,0
BRF:8
BRH:1
end_of_record
